23:37:02 INFO  : Processing command line option -hwspec F:/xup/final2/system_wrapper.hdf.
23:39:37 WARN  : Unable to obtain port 2350 for use by XMD, java.net.SocketException: Unrecognized Windows Sockets error: 0: JVM_Bind
23:40:25 INFO  : FPGA configured successfully with bitstream "F:/xup/final2/system_wrapper_hw_platform_0/system_wrapper.bit"
23:40:53 INFO  : Time out for XMD transaction is 60000
If you want to increase the timeout value, goto Windows-> Preferences -> Xilinx SDK -> XMD Startup
23:40:53 ERROR : Timeout occured while waiting to get reply for command "xrjtag -cable type xilinx_tcf url TCP:127.0.0.1:3121"
23:50:35 INFO  : FPGA configured successfully with bitstream "F:/xup/final2/system_wrapper_hw_platform_0/system_wrapper.bit"
23:51:36 INFO  : ps7_init is completed.
23:51:36 INFO  : ps7_post_config is completed.
23:51:37 INFO  : Processor reset is completed for ps7_cortexa9_0
23:54:22 INFO  : FPGA configured successfully with bitstream "F:/xup/final2/system_wrapper_hw_platform_0/system_wrapper.bit"
23:54:52 INFO  : ps7_init is completed.
23:54:52 INFO  : ps7_post_config is completed.
23:54:53 INFO  : Processor reset is completed for ps7_cortexa9_0
23:58:02 INFO  : FPGA configured successfully with bitstream "F:/xup/final2/system_wrapper_hw_platform_0/system_wrapper.bit"
23:58:40 INFO  : ps7_init is completed.
23:58:40 INFO  : ps7_post_config is completed.
23:58:40 INFO  : Processor reset is completed for ps7_cortexa9_0
23:59:49 INFO  : FPGA configured successfully with bitstream "F:/xup/final2/system_wrapper_hw_platform_0/system_wrapper.bit"
00:00:48 INFO  : ps7_cortexa9_0 Processor is in use. Please stop existing Run or Debug sessions before launching.
00:00:58 INFO  : Processor reset is completed for ps7_cortexa9_0
00:01:01 ERROR : Unexpected error while launching program.
java.lang.RuntimeException: Failed to download ELF file


    Could not stop the processor after reset


	at com.xilinx.sdk.targetmanager.internal.TM.downloadELF(TM.java:752)
	at com.xilinx.sdk.debug.core.internal.AppRunner.run(AppRunner.java:129)
	at com.xilinx.sdk.debug.core.XilinxAppLaunchConfigurationDelegate.runApplication(XilinxAppLaunchConfigurationDelegate.java:534)
	at com.xilinx.sdk.debug.core.XilinxAppLaunchConfigurationDelegate.launch(XilinxAppLaunchConfigurationDelegate.java:252)
	at com.xilinx.sdk.debug.ui.XilinxAppLaunchDelegateWrapper.launch(XilinxAppLaunchDelegateWrapper.java:31)
	at org.eclipse.debug.internal.core.LaunchConfiguration.launch(LaunchConfiguration.java:855)
	at org.eclipse.debug.internal.core.LaunchConfiguration.launch(LaunchConfiguration.java:704)
	at org.eclipse.debug.internal.ui.DebugUIPlugin.buildAndLaunch(DebugUIPlugin.java:1047)
	at org.eclipse.debug.internal.ui.DebugUIPlugin$8.run(DebugUIPlugin.java:1251)
	at org.eclipse.core.internal.jobs.Worker.run(Worker.java:54)
00:02:12 INFO  : FPGA configured successfully with bitstream "F:/xup/final2/system_wrapper_hw_platform_0/system_wrapper.bit"
00:02:37 INFO  : Time out for XMD transaction is 60000
If you want to increase the timeout value, goto Windows-> Preferences -> Xilinx SDK -> XMD Startup
00:02:37 ERROR : Timeout occured while waiting to get reply for command "targets 64"
00:03:07 ERROR : Unexpected error while parsing XMD response ?: com.google.gson.JsonSyntaxException: com.google.gson.stream.MalformedJsonException: invalid number or unquoted string near 
00:09:13 INFO  : Time out for XMD transaction is 60000
If you want to increase the timeout value, goto Windows-> Preferences -> Xilinx SDK -> XMD Startup
00:09:13 ERROR : Timeout occured while waiting to get reply for command "xconnect arm hw -cable type xilinx_tcf url TCP:127.0.0.1:3121 -debugdevice cpunr 1"
00:11:05 INFO  : Time out for XMD transaction is 60000
If you want to increase the timeout value, goto Windows-> Preferences -> Xilinx SDK -> XMD Startup
00:11:05 ERROR : Timeout occured while waiting to get reply for command "set_cur_target 64"
00:13:17 INFO  : FPGA Cable Disconnected. All active launches will be terminated.
00:13:51 INFO  : FPGA configured successfully with bitstream "F:/xup/final2/system_wrapper_hw_platform_0/system_wrapper.bit"
00:14:31 INFO  : ps7_init is completed.
00:14:31 INFO  : ps7_post_config is completed.
00:14:32 INFO  : Processor reset is completed for ps7_cortexa9_0
00:16:01 INFO  : FPGA configured successfully with bitstream "F:/xup/final2/system_wrapper_hw_platform_0/system_wrapper.bit"
00:16:27 INFO  : ps7_cortexa9_0 Processor is in use. Please stop existing Run or Debug sessions before launching.
00:16:37 ERROR : Unexpected error while launching program.
java.lang.RuntimeException: Unable to Stop Processor. System could be in unknown state.
                     Please reset the system
Unknown Error Occured
    

	at com.xilinx.sdk.targetmanager.internal.TM.stop(TM.java:850)
	at com.xilinx.sdk.targetmanager.internal.CPURunSession.terminate(CPURunSession.java:27)
	at com.xilinx.sdk.targetmanager.internal.TM.terminateCurrentLaunch(TM.java:897)
	at com.xilinx.sdk.debug.core.XilinxAppLaunchConfigurationDelegate.runApplication(XilinxAppLaunchConfigurationDelegate.java:493)
	at com.xilinx.sdk.debug.core.XilinxAppLaunchConfigurationDelegate.launch(XilinxAppLaunchConfigurationDelegate.java:252)
	at com.xilinx.sdk.debug.ui.XilinxAppLaunchDelegateWrapper.launch(XilinxAppLaunchDelegateWrapper.java:31)
	at org.eclipse.debug.internal.core.LaunchConfiguration.launch(LaunchConfiguration.java:855)
	at org.eclipse.debug.internal.core.LaunchConfiguration.launch(LaunchConfiguration.java:704)
	at org.eclipse.debug.internal.ui.DebugUIPlugin.buildAndLaunch(DebugUIPlugin.java:1047)
	at org.eclipse.debug.internal.ui.DebugUIPlugin$8.run(DebugUIPlugin.java:1251)
	at org.eclipse.core.internal.jobs.Worker.run(Worker.java:54)
00:17:00 INFO  : FPGA configured successfully with bitstream "F:/xup/final2/system_wrapper_hw_platform_0/system_wrapper.bit"
00:20:41 INFO  : FPGA configured successfully with bitstream "F:/xup/final2/system_wrapper_hw_platform_0/system_wrapper.bit"
00:22:10 ERROR : Unexpected error while parsing XMD response ?: com.google.gson.JsonSyntaxException: com.google.gson.stream.MalformedJsonException: invalid number or unquoted string near 
00:23:54 INFO  : FPGA configured successfully with bitstream "F:/xup/final2/system_wrapper_hw_platform_0/system_wrapper.bit"
00:24:27 INFO  : ps7_init is completed.
00:24:27 INFO  : ps7_post_config is completed.
00:24:28 INFO  : Processor reset is completed for ps7_cortexa9_0
00:26:31 INFO  : FPGA configured successfully with bitstream "F:/xup/final2/system_wrapper_hw_platform_0/system_wrapper.bit"
00:27:18 INFO  : ps7_init is completed.
00:27:19 INFO  : ps7_post_config is completed.
00:27:19 INFO  : Processor reset is completed for ps7_cortexa9_0
00:43:01 ERROR : Unable to disconnect from existing targets
java.lang.NullPointerException
	at com.xilinx.sdk.targetmanager.internal.json.XMDJSONProcess.issueCommand(XMDJSONProcess.java:144)
	at com.xilinx.sdk.targetmanager.internal.TM.disconnectTarget(TM.java:338)
	at com.xilinx.sdk.targetmanager.internal.TM.disconnectExistingTargets(TM.java:320)
	at com.xilinx.sdk.targetmanager.internal.TM.terminate(TM.java:210)
	at com.xilinx.sdk.targetmanager.TMPlugin.stop(TMPlugin.java:57)
	at org.eclipse.osgi.framework.internal.core.BundleContextImpl$2.run(BundleContextImpl.java:771)
	at java.security.AccessController.doPrivileged(Native Method)
	at org.eclipse.osgi.framework.internal.core.BundleContextImpl.stop(BundleContextImpl.java:764)
	at org.eclipse.osgi.framework.internal.core.BundleHost.stopWorker(BundleHost.java:510)
	at org.eclipse.osgi.framework.internal.core.AbstractBundle.suspend(AbstractBundle.java:566)
	at org.eclipse.osgi.framework.internal.core.Framework.suspendBundle(Framework.java:1206)
	at org.eclipse.osgi.framework.internal.core.StartLevelManager.decFWSL(StartLevelManager.java:592)
	at org.eclipse.osgi.framework.internal.core.StartLevelManager.doSetStartLevel(StartLevelManager.java:257)
	at org.eclipse.osgi.framework.internal.core.StartLevelManager.shutdown(StartLevelManager.java:215)
	at org.eclipse.osgi.framework.internal.core.InternalSystemBundle.suspend(InternalSystemBundle.java:284)
	at org.eclipse.osgi.framework.internal.core.Framework.shutdown(Framework.java:692)
	at org.eclipse.osgi.framework.internal.core.Framework.close(Framework.java:600)
	at org.eclipse.core.runtime.adaptor.EclipseStarter.shutdown(EclipseStarter.java:399)
	at org.eclipse.core.runtime.adaptor.EclipseStarter.run(EclipseStarter.java:199)
	at sun.reflect.NativeMethodAccessorImpl.invoke0(Native Method)
	at sun.reflect.NativeMethodAccessorImpl.invoke(NativeMethodAccessorImpl.java:57)
	at sun.reflect.DelegatingMethodAccessorImpl.invoke(DelegatingMethodAccessorImpl.java:43)
	at java.lang.reflect.Method.invoke(Method.java:606)
	at org.eclipse.equinox.launcher.Main.invokeFramework(Main.java:629)
	at org.eclipse.equinox.launcher.Main.basicRun(Main.java:584)
	at org.eclipse.equinox.launcher.Main.run(Main.java:1438)
00:43:01 ERROR : Unexpected error while parsing XMD response ?: com.google.gson.JsonSyntaxException: com.google.gson.stream.MalformedJsonException: invalid number or unquoted string near 
16:21:37 INFO  : FPGA configured successfully with bitstream "F:/xup/final2/system_wrapper_hw_platform_0/system_wrapper.bit"
16:22:11 INFO  : ps7_init is completed.
16:22:11 INFO  : ps7_post_config is completed.
16:22:11 INFO  : Processor reset is completed for ps7_cortexa9_0
16:40:23 INFO  : Processor reset is completed for ps7_cortexa9_0
17:09:32 INFO  : FPGA configured successfully with bitstream "F:/xup/final2/system_wrapper_hw_platform_0/system_wrapper.bit"
17:10:22 INFO  : Processor reset is completed for ps7_cortexa9_0
17:11:37 INFO  : FPGA configured successfully with bitstream "F:/xup/final2/system_wrapper_hw_platform_0/system_wrapper.bit"
17:12:03 INFO  : ps7_init is completed.
17:12:03 INFO  : ps7_post_config is completed.
17:12:03 INFO  : Processor reset is completed for ps7_cortexa9_0
17:14:53 ERROR : Checking FPGA configuration failed..Connection to Board Failed


    Unknown Error Occured
    Cable is not powered-on

17:14:53 ERROR : Unexpected error while launching program.
com.xilinx.sdk.targetmanager.TMException: Connection to Board Failed


    Unknown Error Occured
    Cable is not powered-on

	at com.xilinx.sdk.targetmanager.internal.TM.isFPGAConfigured(TM.java:386)
	at com.xilinx.sdk.debug.core.XilinxAppLaunchConfigurationDelegate.isFpgaConfigured(XilinxAppLaunchConfigurationDelegate.java:297)
	at com.xilinx.sdk.debug.core.XilinxAppLaunchConfigurationDelegate.launch(XilinxAppLaunchConfigurationDelegate.java:245)
	at com.xilinx.sdk.debug.ui.XilinxAppLaunchDelegateWrapper.launch(XilinxAppLaunchDelegateWrapper.java:31)
	at org.eclipse.debug.internal.core.LaunchConfiguration.launch(LaunchConfiguration.java:855)
	at org.eclipse.debug.internal.core.LaunchConfiguration.launch(LaunchConfiguration.java:704)
	at org.eclipse.debug.internal.ui.DebugUIPlugin.buildAndLaunch(DebugUIPlugin.java:1047)
	at org.eclipse.debug.internal.ui.DebugUIPlugin$8.run(DebugUIPlugin.java:1251)
	at org.eclipse.core.internal.jobs.Worker.run(Worker.java:54)
17:15:36 ERROR : Unexpected error while parsing XMD response ?: com.google.gson.JsonSyntaxException: com.google.gson.stream.MalformedJsonException: invalid number or unquoted string near 
17:20:22 INFO  : FPGA configured successfully with bitstream "F:/xup/final2/system_wrapper_hw_platform_0/system_wrapper.bit"
17:20:50 INFO  : ps7_init is completed.
17:20:50 INFO  : ps7_post_config is completed.
17:20:51 INFO  : Processor reset is completed for ps7_cortexa9_0
17:21:42 INFO  : FPGA configured successfully with bitstream "F:/xup/final2/system_wrapper_hw_platform_0/system_wrapper.bit"
17:21:57 INFO  : ps7_init is completed.
17:21:57 INFO  : ps7_post_config is completed.
17:21:57 INFO  : Processor reset is completed for ps7_cortexa9_0
19:36:00 INFO  : FPGA configured successfully with bitstream "F:/xup/final2/system_wrapper_hw_platform_0/system_wrapper.bit"
19:36:48 INFO  : FPGA configured successfully with bitstream "F:/xup/final2/system_wrapper_hw_platform_0/system_wrapper.bit"
19:38:03 INFO  : ps7_init is completed.
19:38:03 INFO  : ps7_post_config is completed.
19:38:03 INFO  : Processor reset is completed for ps7_cortexa9_0
19:39:59 INFO  : FPGA configured successfully with bitstream "F:/xup/final2/system_wrapper_hw_platform_0/system_wrapper.bit"
19:40:09 INFO  : ps7_cortexa9_0 Processor is in use. Please stop existing Run or Debug sessions before launching.
19:40:19 ERROR : Unexpected error while launching program.
java.lang.RuntimeException: Error in Resetting Target

    Could not stop the processor after reset


	at com.xilinx.sdk.targetmanager.internal.TM.doProcessorReset(TM.java:1153)
	at com.xilinx.sdk.debug.core.XilinxAppLaunchConfigurationDelegate.runTargetSetup(XilinxAppLaunchConfigurationDelegate.java:431)
	at com.xilinx.sdk.debug.core.XilinxAppLaunchConfigurationDelegate.runApplication(XilinxAppLaunchConfigurationDelegate.java:513)
	at com.xilinx.sdk.debug.core.XilinxAppLaunchConfigurationDelegate.launch(XilinxAppLaunchConfigurationDelegate.java:252)
	at com.xilinx.sdk.debug.ui.XilinxAppLaunchDelegateWrapper.launch(XilinxAppLaunchDelegateWrapper.java:31)
	at org.eclipse.debug.internal.core.LaunchConfiguration.launch(LaunchConfiguration.java:855)
	at org.eclipse.debug.internal.core.LaunchConfiguration.launch(LaunchConfiguration.java:704)
	at org.eclipse.debug.internal.ui.DebugUIPlugin.buildAndLaunch(DebugUIPlugin.java:1047)
	at org.eclipse.debug.internal.ui.DebugUIPlugin$8.run(DebugUIPlugin.java:1251)
	at org.eclipse.core.internal.jobs.Worker.run(Worker.java:54)
19:40:45 INFO  : FPGA configured successfully with bitstream "F:/xup/final2/system_wrapper_hw_platform_0/system_wrapper.bit"
19:41:14 INFO  : ps7_init is completed.
19:41:14 INFO  : ps7_post_config is completed.
19:41:14 INFO  : Processor reset is completed for ps7_cortexa9_0
19:42:39 INFO  : FPGA configured successfully with bitstream "F:/xup/final2/system_wrapper_hw_platform_0/system_wrapper.bit"
19:43:56 INFO  : ps7_init is completed.
19:43:56 INFO  : ps7_post_config is completed.
19:43:57 INFO  : Processor reset is completed for ps7_cortexa9_0
19:45:06 INFO  : FPGA configured successfully with bitstream "F:/xup/final2/system_wrapper_hw_platform_0/system_wrapper.bit"
19:45:44 INFO  : ps7_init is completed.
19:45:44 INFO  : ps7_post_config is completed.
19:45:45 INFO  : Processor reset is completed for ps7_cortexa9_0
19:47:26 INFO  : FPGA configured successfully with bitstream "F:/xup/final2/system_wrapper_hw_platform_0/system_wrapper.bit"
19:48:01 INFO  : ps7_init is completed.
19:48:01 INFO  : ps7_post_config is completed.
19:48:01 INFO  : Processor reset is completed for ps7_cortexa9_0
19:49:25 INFO  : FPGA configured successfully with bitstream "F:/xup/final2/system_wrapper_hw_platform_0/system_wrapper.bit"
19:49:38 INFO  : ps7_cortexa9_0 Processor is in use. Please stop existing Run or Debug sessions before launching.
19:49:44 ERROR : Unexpected error while launching program.
java.lang.RuntimeException: Error in Resetting Target

    Could not stop the processor after reset


	at com.xilinx.sdk.targetmanager.internal.TM.doProcessorReset(TM.java:1153)
	at com.xilinx.sdk.debug.core.XilinxAppLaunchConfigurationDelegate.runTargetSetup(XilinxAppLaunchConfigurationDelegate.java:431)
	at com.xilinx.sdk.debug.core.XilinxAppLaunchConfigurationDelegate.runApplication(XilinxAppLaunchConfigurationDelegate.java:513)
	at com.xilinx.sdk.debug.core.XilinxAppLaunchConfigurationDelegate.launch(XilinxAppLaunchConfigurationDelegate.java:252)
	at com.xilinx.sdk.debug.ui.XilinxAppLaunchDelegateWrapper.launch(XilinxAppLaunchDelegateWrapper.java:31)
	at org.eclipse.debug.internal.core.LaunchConfiguration.launch(LaunchConfiguration.java:855)
	at org.eclipse.debug.internal.core.LaunchConfiguration.launch(LaunchConfiguration.java:704)
	at org.eclipse.debug.internal.ui.DebugUIPlugin.buildAndLaunch(DebugUIPlugin.java:1047)
	at org.eclipse.debug.internal.ui.DebugUIPlugin$8.run(DebugUIPlugin.java:1251)
	at org.eclipse.core.internal.jobs.Worker.run(Worker.java:54)
19:50:11 INFO  : FPGA configured successfully with bitstream "F:/xup/final2/system_wrapper_hw_platform_0/system_wrapper.bit"
19:50:37 INFO  : ps7_init is completed.
19:50:37 INFO  : ps7_post_config is completed.
19:50:37 INFO  : Processor reset is completed for ps7_cortexa9_0
19:51:20 INFO  : FPGA configured successfully with bitstream "F:/xup/final2/system_wrapper_hw_platform_0/system_wrapper.bit"
19:52:06 INFO  : ps7_init is completed.
19:52:06 INFO  : ps7_post_config is completed.
19:52:07 INFO  : Processor reset is completed for ps7_cortexa9_0
20:33:03 ERROR : Unexpected error while parsing XMD response ?: com.google.gson.JsonSyntaxException: com.google.gson.stream.MalformedJsonException: invalid number or unquoted string near 
